* using log directory ‘/Users/mhe/Library/CloudStorage/OneDrive-EmoryUniversity/github/MIDASim/MIDASim.Rcheck’
* using R version 4.2.1 (2022-06-23)
* using platform: aarch64-apple-darwin20 (64-bit)
* using session charset: UTF-8
* checking for file ‘MIDASim/DESCRIPTION’ ... OK
* checking extension type ... Package
* this is package ‘MIDASim’ version ‘0.1.0’
* package encoding: UTF-8
* checking package namespace information ... OK
* checking package dependencies ... OK
* checking if this is a source package ... OK
* checking if there is a namespace ... OK
* checking for executable files ... OK
* checking for hidden files and directories ... NOTE
Found the following hidden files and directories:
  .circleci
These were most likely included in error. See section ‘Package
structure’ in the ‘Writing R Extensions’ manual.
* checking for portable file names ... OK
* checking for sufficient/correct file permissions ... OK
* checking whether package ‘MIDASim’ can be installed ... OK
* checking installed package size ... OK
* checking package directory ... OK
* checking ‘build’ directory ... OK
* checking DESCRIPTION meta-information ... OK
* checking top-level files ... OK
* checking for left-over files ... OK
* checking index information ... OK
* checking package subdirectories ... OK
* checking R files for non-ASCII characters ... OK
* checking R files for syntax errors ... OK
* checking whether the package can be loaded ... OK
* checking whether the package can be loaded with stated dependencies ...